==26357== Memcheck, a memory error detector
==26357== Copyright (C) 2002-2022, and GNU GPL'd, by Julian Seward et al.
==26357== Using Valgrind-3.22.0 and LibVEX; rerun with -h for copyright info
==26357== Command: ./minishell
==26357== Parent PID: 25792
==26357== 
==26359== 
==26359== HEAP SUMMARY:
==26359==     in use at exit: 0 bytes in 0 blocks
==26359==   total heap usage: 295 allocs, 295 frees, 44,821 bytes allocated
==26359== 
==26359== All heap blocks were freed -- no leaks are possible
==26359== 
==26359== For lists of detected and suppressed errors, rerun with: -s
==26359== ERROR SUMMARY: 0 errors from 0 contexts (suppressed: 0 from 0)
==26357== 
==26357== HEAP SUMMARY:
==26357==     in use at exit: 0 bytes in 0 blocks
==26357==   total heap usage: 115 allocs, 115 frees, 42,110 bytes allocated
==26357== 
==26357== All heap blocks were freed -- no leaks are possible
==26357== 
==26357== For lists of detected and suppressed errors, rerun with: -s
==26357== ERROR SUMMARY: 0 errors from 0 contexts (suppressed: 0 from 0)
