==25875== Memcheck, a memory error detector
==25875== Copyright (C) 2002-2022, and GNU GPL'd, by Julian Seward et al.
==25875== Using Valgrind-3.22.0 and LibVEX; rerun with -h for copyright info
==25875== Command: ./minishell
==25875== Parent PID: 25792
==25875== 
==25882== 
==25882== HEAP SUMMARY:
==25882==     in use at exit: 0 bytes in 0 blocks
==25882==   total heap usage: 272 allocs, 272 frees, 31,841 bytes allocated
==25882== 
==25882== All heap blocks were freed -- no leaks are possible
==25882== 
==25882== For lists of detected and suppressed errors, rerun with: -s
==25882== ERROR SUMMARY: 0 errors from 0 contexts (suppressed: 0 from 0)
==25875== 
==25875== HEAP SUMMARY:
==25875==     in use at exit: 0 bytes in 0 blocks
==25875==   total heap usage: 100 allocs, 100 frees, 35,716 bytes allocated
==25875== 
==25875== All heap blocks were freed -- no leaks are possible
==25875== 
==25875== For lists of detected and suppressed errors, rerun with: -s
==25875== ERROR SUMMARY: 0 errors from 0 contexts (suppressed: 0 from 0)
