==26009== Memcheck, a memory error detector
==26009== Copyright (C) 2002-2022, and GNU GPL'd, by Julian Seward et al.
==26009== Using Valgrind-3.22.0 and LibVEX; rerun with -h for copyright info
==26009== Command: ./minishell
==26009== Parent PID: 25792
==26009== 
==26010== 
==26010== HEAP SUMMARY:
==26010==     in use at exit: 0 bytes in 0 blocks
==26010==   total heap usage: 272 allocs, 272 frees, 31,841 bytes allocated
==26010== 
==26010== All heap blocks were freed -- no leaks are possible
==26010== 
==26010== For lists of detected and suppressed errors, rerun with: -s
==26010== ERROR SUMMARY: 0 errors from 0 contexts (suppressed: 0 from 0)
==26009== 
==26009== HEAP SUMMARY:
==26009==     in use at exit: 0 bytes in 0 blocks
==26009==   total heap usage: 100 allocs, 100 frees, 35,716 bytes allocated
==26009== 
==26009== All heap blocks were freed -- no leaks are possible
==26009== 
==26009== For lists of detected and suppressed errors, rerun with: -s
==26009== ERROR SUMMARY: 0 errors from 0 contexts (suppressed: 0 from 0)
