==26334== Memcheck, a memory error detector
==26334== Copyright (C) 2002-2022, and GNU GPL'd, by Julian Seward et al.
==26334== Using Valgrind-3.22.0 and LibVEX; rerun with -h for copyright info
==26334== Command: ./minishell
==26334== Parent PID: 25792
==26334== 
==26339== 
==26339== HEAP SUMMARY:
==26339==     in use at exit: 0 bytes in 0 blocks
==26339==   total heap usage: 257 allocs, 257 frees, 26,787 bytes allocated
==26339== 
==26339== All heap blocks were freed -- no leaks are possible
==26339== 
==26339== For lists of detected and suppressed errors, rerun with: -s
==26339== ERROR SUMMARY: 0 errors from 0 contexts (suppressed: 0 from 0)
==26343== 
==26343== HEAP SUMMARY:
==26343==     in use at exit: 0 bytes in 0 blocks
==26343==   total heap usage: 272 allocs, 272 frees, 32,687 bytes allocated
==26343== 
==26343== All heap blocks were freed -- no leaks are possible
==26343== 
==26343== For lists of detected and suppressed errors, rerun with: -s
==26343== ERROR SUMMARY: 0 errors from 0 contexts (suppressed: 0 from 0)
==26334== 
==26334== HEAP SUMMARY:
==26334==     in use at exit: 0 bytes in 0 blocks
==26334==   total heap usage: 87 allocs, 87 frees, 25,336 bytes allocated
==26334== 
==26334== All heap blocks were freed -- no leaks are possible
==26334== 
==26334== For lists of detected and suppressed errors, rerun with: -s
==26334== ERROR SUMMARY: 0 errors from 0 contexts (suppressed: 0 from 0)
