==26064== Memcheck, a memory error detector
==26064== Copyright (C) 2002-2022, and GNU GPL'd, by Julian Seward et al.
==26064== Using Valgrind-3.22.0 and LibVEX; rerun with -h for copyright info
==26064== Command: ./minishell
==26064== Parent PID: 25792
==26064== 
==26076== 
==26076== HEAP SUMMARY:
==26076==     in use at exit: 0 bytes in 0 blocks
==26076==   total heap usage: 97 allocs, 97 frees, 37,908 bytes allocated
==26076== 
==26076== All heap blocks were freed -- no leaks are possible
==26076== 
==26076== For lists of detected and suppressed errors, rerun with: -s
==26076== ERROR SUMMARY: 0 errors from 0 contexts (suppressed: 0 from 0)
==26077== 
==26077== HEAP SUMMARY:
==26077==     in use at exit: 0 bytes in 0 blocks
==26077==   total heap usage: 150 allocs, 150 frees, 69,002 bytes allocated
==26077== 
==26077== All heap blocks were freed -- no leaks are possible
==26077== 
==26077== For lists of detected and suppressed errors, rerun with: -s
==26077== ERROR SUMMARY: 0 errors from 0 contexts (suppressed: 0 from 0)
==26078== 
==26078== HEAP SUMMARY:
==26078==     in use at exit: 0 bytes in 0 blocks
==26078==   total heap usage: 203 allocs, 203 frees, 100,114 bytes allocated
==26078== 
==26078== All heap blocks were freed -- no leaks are possible
==26078== 
==26078== For lists of detected and suppressed errors, rerun with: -s
==26078== ERROR SUMMARY: 0 errors from 0 contexts (suppressed: 0 from 0)
==26064== 
==26064== HEAP SUMMARY:
==26064==     in use at exit: 0 bytes in 0 blocks
==26064==   total heap usage: 234 allocs, 234 frees, 116,721 bytes allocated
==26064== 
==26064== All heap blocks were freed -- no leaks are possible
==26064== 
==26064== For lists of detected and suppressed errors, rerun with: -s
==26064== ERROR SUMMARY: 0 errors from 0 contexts (suppressed: 0 from 0)
