==25977== Memcheck, a memory error detector
==25977== Copyright (C) 2002-2022, and GNU GPL'd, by Julian Seward et al.
==25977== Using Valgrind-3.22.0 and LibVEX; rerun with -h for copyright info
==25977== Command: ./minishell
==25977== Parent PID: 25792
==25977== 
==25984== 
==25984== HEAP SUMMARY:
==25984==     in use at exit: 0 bytes in 0 blocks
==25984==   total heap usage: 272 allocs, 272 frees, 31,841 bytes allocated
==25984== 
==25984== All heap blocks were freed -- no leaks are possible
==25984== 
==25984== For lists of detected and suppressed errors, rerun with: -s
==25984== ERROR SUMMARY: 0 errors from 0 contexts (suppressed: 0 from 0)
==25985== 
==25985== HEAP SUMMARY:
==25985==     in use at exit: 0 bytes in 0 blocks
==25985==   total heap usage: 295 allocs, 295 frees, 44,195 bytes allocated
==25985== 
==25985== All heap blocks were freed -- no leaks are possible
==25985== 
==25985== For lists of detected and suppressed errors, rerun with: -s
==25985== ERROR SUMMARY: 0 errors from 0 contexts (suppressed: 0 from 0)
==25992== 
==25992== HEAP SUMMARY:
==25992==     in use at exit: 0 bytes in 0 blocks
==25992==   total heap usage: 325 allocs, 325 frees, 56,101 bytes allocated
==25992== 
==25992== All heap blocks were freed -- no leaks are possible
==25992== 
==25992== For lists of detected and suppressed errors, rerun with: -s
==25992== ERROR SUMMARY: 0 errors from 0 contexts (suppressed: 0 from 0)
==25995== 
==25995== HEAP SUMMARY:
==25995==     in use at exit: 0 bytes in 0 blocks
==25995==   total heap usage: 348 allocs, 348 frees, 68,455 bytes allocated
==25995== 
==25995== All heap blocks were freed -- no leaks are possible
==25995== 
==25995== For lists of detected and suppressed errors, rerun with: -s
==25995== ERROR SUMMARY: 0 errors from 0 contexts (suppressed: 0 from 0)
==25996== 
==25996== HEAP SUMMARY:
==25996==     in use at exit: 0 bytes in 0 blocks
==25996==   total heap usage: 378 allocs, 378 frees, 80,361 bytes allocated
==25996== 
==25996== All heap blocks were freed -- no leaks are possible
==25996== 
==25996== For lists of detected and suppressed errors, rerun with: -s
==25996== ERROR SUMMARY: 0 errors from 0 contexts (suppressed: 0 from 0)
==25997== 
==25997== HEAP SUMMARY:
==25997==     in use at exit: 0 bytes in 0 blocks
==25997==   total heap usage: 401 allocs, 401 frees, 92,715 bytes allocated
==25997== 
==25997== All heap blocks were freed -- no leaks are possible
==25997== 
==25997== For lists of detected and suppressed errors, rerun with: -s
==25997== ERROR SUMMARY: 0 errors from 0 contexts (suppressed: 0 from 0)
==25977== 
==25977== HEAP SUMMARY:
==25977==     in use at exit: 0 bytes in 0 blocks
==25977==   total heap usage: 221 allocs, 221 frees, 90,598 bytes allocated
==25977== 
==25977== All heap blocks were freed -- no leaks are possible
==25977== 
==25977== For lists of detected and suppressed errors, rerun with: -s
==25977== ERROR SUMMARY: 0 errors from 0 contexts (suppressed: 0 from 0)
