==25946== Memcheck, a memory error detector
==25946== Copyright (C) 2002-2022, and GNU GPL'd, by Julian Seward et al.
==25946== Using Valgrind-3.22.0 and LibVEX; rerun with -h for copyright info
==25946== Command: ./minishell
==25946== Parent PID: 25792
==25946== 
==25965== 
==25965== HEAP SUMMARY:
==25965==     in use at exit: 0 bytes in 0 blocks
==25965==   total heap usage: 295 allocs, 295 frees, 44,191 bytes allocated
==25965== 
==25965== All heap blocks were freed -- no leaks are possible
==25965== 
==25965== For lists of detected and suppressed errors, rerun with: -s
==25965== ERROR SUMMARY: 0 errors from 0 contexts (suppressed: 0 from 0)
==25946== 
==25946== HEAP SUMMARY:
==25946==     in use at exit: 0 bytes in 0 blocks
==25946==   total heap usage: 115 allocs, 115 frees, 42,074 bytes allocated
==25946== 
==25946== All heap blocks were freed -- no leaks are possible
==25946== 
==25946== For lists of detected and suppressed errors, rerun with: -s
==25946== ERROR SUMMARY: 0 errors from 0 contexts (suppressed: 0 from 0)
