==26296== Memcheck, a memory error detector
==26296== Copyright (C) 2002-2022, and GNU GPL'd, by Julian Seward et al.
==26296== Using Valgrind-3.22.0 and LibVEX; rerun with -h for copyright info
==26296== Command: ./minishell
==26296== Parent PID: 25792
==26296== 
==26315== 
==26315== HEAP SUMMARY:
==26315==     in use at exit: 0 bytes in 0 blocks
==26315==   total heap usage: 284 allocs, 284 frees, 32,165 bytes allocated
==26315== 
==26315== All heap blocks were freed -- no leaks are possible
==26315== 
==26315== For lists of detected and suppressed errors, rerun with: -s
==26315== ERROR SUMMARY: 0 errors from 0 contexts (suppressed: 0 from 0)
==26316== 
==26316== HEAP SUMMARY:
==26316==     in use at exit: 0 bytes in 0 blocks
==26316==   total heap usage: 359 allocs, 359 frees, 61,823 bytes allocated
==26316== 
==26316== All heap blocks were freed -- no leaks are possible
==26316== 
==26316== For lists of detected and suppressed errors, rerun with: -s
==26316== ERROR SUMMARY: 0 errors from 0 contexts (suppressed: 0 from 0)
==26296== 
==26296== HEAP SUMMARY:
==26296==     in use at exit: 0 bytes in 0 blocks
==26296==   total heap usage: 174 allocs, 174 frees, 55,132 bytes allocated
==26296== 
==26296== All heap blocks were freed -- no leaks are possible
==26296== 
==26296== For lists of detected and suppressed errors, rerun with: -s
==26296== ERROR SUMMARY: 0 errors from 0 contexts (suppressed: 0 from 0)
