==25798== Memcheck, a memory error detector
==25798== Copyright (C) 2002-2022, and GNU GPL'd, by Julian Seward et al.
==25798== Using Valgrind-3.22.0 and LibVEX; rerun with -h for copyright info
==25798== Command: ./minishell
==25798== Parent PID: 25792
==25798== 
==25816== 
==25816== HEAP SUMMARY:
==25816==     in use at exit: 0 bytes in 0 blocks
==25816==   total heap usage: 272 allocs, 272 frees, 31,841 bytes allocated
==25816== 
==25816== All heap blocks were freed -- no leaks are possible
==25816== 
==25816== For lists of detected and suppressed errors, rerun with: -s
==25816== ERROR SUMMARY: 0 errors from 0 contexts (suppressed: 0 from 0)
==25821== 
==25821== HEAP SUMMARY:
==25821==     in use at exit: 0 bytes in 0 blocks
==25821==   total heap usage: 302 allocs, 302 frees, 44,473 bytes allocated
==25821== 
==25821== All heap blocks were freed -- no leaks are possible
==25821== 
==25821== For lists of detected and suppressed errors, rerun with: -s
==25821== ERROR SUMMARY: 0 errors from 0 contexts (suppressed: 0 from 0)
==25822== 
==25822== HEAP SUMMARY:
==25822==     in use at exit: 0 bytes in 0 blocks
==25822==   total heap usage: 332 allocs, 332 frees, 57,105 bytes allocated
==25822== 
==25822== All heap blocks were freed -- no leaks are possible
==25822== 
==25822== For lists of detected and suppressed errors, rerun with: -s
==25822== ERROR SUMMARY: 0 errors from 0 contexts (suppressed: 0 from 0)
==25823== 
==25823== HEAP SUMMARY:
==25823==     in use at exit: 0 bytes in 0 blocks
==25823==   total heap usage: 362 allocs, 362 frees, 69,737 bytes allocated
==25823== 
==25823== All heap blocks were freed -- no leaks are possible
==25823== 
==25823== For lists of detected and suppressed errors, rerun with: -s
==25823== ERROR SUMMARY: 0 errors from 0 contexts (suppressed: 0 from 0)
==25831== 
==25831== HEAP SUMMARY:
==25831==     in use at exit: 0 bytes in 0 blocks
==25831==   total heap usage: 392 allocs, 392 frees, 82,369 bytes allocated
==25831== 
==25831== All heap blocks were freed -- no leaks are possible
==25831== 
==25831== For lists of detected and suppressed errors, rerun with: -s
==25831== ERROR SUMMARY: 0 errors from 0 contexts (suppressed: 0 from 0)
==25832== 
==25832== HEAP SUMMARY:
==25832==     in use at exit: 0 bytes in 0 blocks
==25832==   total heap usage: 422 allocs, 422 frees, 95,001 bytes allocated
==25832== 
==25832== All heap blocks were freed -- no leaks are possible
==25832== 
==25832== For lists of detected and suppressed errors, rerun with: -s
==25832== ERROR SUMMARY: 0 errors from 0 contexts (suppressed: 0 from 0)
==25833== 
==25833== HEAP SUMMARY:
==25833==     in use at exit: 0 bytes in 0 blocks
==25833==   total heap usage: 452 allocs, 452 frees, 107,633 bytes allocated
==25833== 
==25833== All heap blocks were freed -- no leaks are possible
==25833== 
==25833== For lists of detected and suppressed errors, rerun with: -s
==25833== ERROR SUMMARY: 0 errors from 0 contexts (suppressed: 0 from 0)
==25834== 
==25834== HEAP SUMMARY:
==25834==     in use at exit: 0 bytes in 0 blocks
==25834==   total heap usage: 482 allocs, 482 frees, 120,265 bytes allocated
==25834== 
==25834== All heap blocks were freed -- no leaks are possible
==25834== 
==25834== For lists of detected and suppressed errors, rerun with: -s
==25834== ERROR SUMMARY: 0 errors from 0 contexts (suppressed: 0 from 0)
==25841== 
==25841== HEAP SUMMARY:
==25841==     in use at exit: 0 bytes in 0 blocks
==25841==   total heap usage: 512 allocs, 512 frees, 132,897 bytes allocated
==25841== 
==25841== All heap blocks were freed -- no leaks are possible
==25841== 
==25841== For lists of detected and suppressed errors, rerun with: -s
==25841== ERROR SUMMARY: 0 errors from 0 contexts (suppressed: 0 from 0)
==25842== 
==25842== HEAP SUMMARY:
==25842==     in use at exit: 0 bytes in 0 blocks
==25842==   total heap usage: 542 allocs, 542 frees, 145,599 bytes allocated
==25842== 
==25842== All heap blocks were freed -- no leaks are possible
==25842== 
==25842== For lists of detected and suppressed errors, rerun with: -s
==25842== ERROR SUMMARY: 0 errors from 0 contexts (suppressed: 0 from 0)
==25843== 
==25843== HEAP SUMMARY:
==25843==     in use at exit: 0 bytes in 0 blocks
==25843==   total heap usage: 572 allocs, 572 frees, 158,235 bytes allocated
==25843== 
==25843== All heap blocks were freed -- no leaks are possible
==25843== 
==25843== For lists of detected and suppressed errors, rerun with: -s
==25843== ERROR SUMMARY: 0 errors from 0 contexts (suppressed: 0 from 0)
==25844== 
==25844== HEAP SUMMARY:
==25844==     in use at exit: 0 bytes in 0 blocks
==25844==   total heap usage: 602 allocs, 602 frees, 170,871 bytes allocated
==25844== 
==25844== All heap blocks were freed -- no leaks are possible
==25844== 
==25844== For lists of detected and suppressed errors, rerun with: -s
==25844== ERROR SUMMARY: 0 errors from 0 contexts (suppressed: 0 from 0)
==25845== 
==25845== HEAP SUMMARY:
==25845==     in use at exit: 0 bytes in 0 blocks
==25845==   total heap usage: 632 allocs, 632 frees, 183,507 bytes allocated
==25845== 
==25845== All heap blocks were freed -- no leaks are possible
==25845== 
==25845== For lists of detected and suppressed errors, rerun with: -s
==25845== ERROR SUMMARY: 0 errors from 0 contexts (suppressed: 0 from 0)
==25846== 
==25846== HEAP SUMMARY:
==25846==     in use at exit: 0 bytes in 0 blocks
==25846==   total heap usage: 662 allocs, 662 frees, 196,143 bytes allocated
==25846== 
==25846== All heap blocks were freed -- no leaks are possible
==25846== 
==25846== For lists of detected and suppressed errors, rerun with: -s
==25846== ERROR SUMMARY: 0 errors from 0 contexts (suppressed: 0 from 0)
==25847== 
==25847== HEAP SUMMARY:
==25847==     in use at exit: 0 bytes in 0 blocks
==25847==   total heap usage: 692 allocs, 692 frees, 208,779 bytes allocated
==25847== 
==25847== All heap blocks were freed -- no leaks are possible
==25847== 
==25847== For lists of detected and suppressed errors, rerun with: -s
==25847== ERROR SUMMARY: 0 errors from 0 contexts (suppressed: 0 from 0)
==25848== 
==25848== HEAP SUMMARY:
==25848==     in use at exit: 0 bytes in 0 blocks
==25848==   total heap usage: 722 allocs, 722 frees, 221,415 bytes allocated
==25848== 
==25848== All heap blocks were freed -- no leaks are possible
==25848== 
==25848== For lists of detected and suppressed errors, rerun with: -s
==25848== ERROR SUMMARY: 0 errors from 0 contexts (suppressed: 0 from 0)
==25849== 
==25849== HEAP SUMMARY:
==25849==     in use at exit: 0 bytes in 0 blocks
==25849==   total heap usage: 752 allocs, 752 frees, 234,051 bytes allocated
==25849== 
==25849== All heap blocks were freed -- no leaks are possible
==25849== 
==25849== For lists of detected and suppressed errors, rerun with: -s
==25849== ERROR SUMMARY: 0 errors from 0 contexts (suppressed: 0 from 0)
==25850== 
==25850== HEAP SUMMARY:
==25850==     in use at exit: 0 bytes in 0 blocks
==25850==   total heap usage: 782 allocs, 782 frees, 246,687 bytes allocated
==25850== 
==25850== All heap blocks were freed -- no leaks are possible
==25850== 
==25850== For lists of detected and suppressed errors, rerun with: -s
==25850== ERROR SUMMARY: 0 errors from 0 contexts (suppressed: 0 from 0)
==25851== 
==25851== HEAP SUMMARY:
==25851==     in use at exit: 0 bytes in 0 blocks
==25851==   total heap usage: 812 allocs, 812 frees, 259,323 bytes allocated
==25851== 
==25851== All heap blocks were freed -- no leaks are possible
==25851== 
==25851== For lists of detected and suppressed errors, rerun with: -s
==25851== ERROR SUMMARY: 0 errors from 0 contexts (suppressed: 0 from 0)
==25852== 
==25852== HEAP SUMMARY:
==25852==     in use at exit: 0 bytes in 0 blocks
==25852==   total heap usage: 842 allocs, 842 frees, 271,959 bytes allocated
==25852== 
==25852== All heap blocks were freed -- no leaks are possible
==25852== 
==25852== For lists of detected and suppressed errors, rerun with: -s
==25852== ERROR SUMMARY: 0 errors from 0 contexts (suppressed: 0 from 0)
==25798== 
==25798== HEAP SUMMARY:
==25798==     in use at exit: 0 bytes in 0 blocks
==25798==   total heap usage: 657 allocs, 657 frees, 265,268 bytes allocated
==25798== 
==25798== All heap blocks were freed -- no leaks are possible
==25798== 
==25798== For lists of detected and suppressed errors, rerun with: -s
==25798== ERROR SUMMARY: 0 errors from 0 contexts (suppressed: 0 from 0)
