==26220== Memcheck, a memory error detector
==26220== Copyright (C) 2002-2022, and GNU GPL'd, by Julian Seward et al.
==26220== Using Valgrind-3.22.0 and LibVEX; rerun with -h for copyright info
==26220== Command: ./minishell
==26220== Parent PID: 25792
==26220== 
==26232== 
==26232== HEAP SUMMARY:
==26232==     in use at exit: 0 bytes in 0 blocks
==26232==   total heap usage: 75 allocs, 75 frees, 18,944 bytes allocated
==26232== 
==26232== All heap blocks were freed -- no leaks are possible
==26232== 
==26232== For lists of detected and suppressed errors, rerun with: -s
==26232== ERROR SUMMARY: 0 errors from 0 contexts (suppressed: 0 from 0)
==26240== 
==26240== HEAP SUMMARY:
==26240==     in use at exit: 0 bytes in 0 blocks
==26240==   total heap usage: 107 allocs, 107 frees, 31,643 bytes allocated
==26240== 
==26240== All heap blocks were freed -- no leaks are possible
==26240== 
==26240== For lists of detected and suppressed errors, rerun with: -s
==26240== ERROR SUMMARY: 0 errors from 0 contexts (suppressed: 0 from 0)
==26241== 
==26241== HEAP SUMMARY:
==26241==     in use at exit: 0 bytes in 0 blocks
==26241==   total heap usage: 338 allocs, 338 frees, 57,206 bytes allocated
==26241== 
==26241== All heap blocks were freed -- no leaks are possible
==26241== 
==26241== For lists of detected and suppressed errors, rerun with: -s
==26241== ERROR SUMMARY: 0 errors from 0 contexts (suppressed: 0 from 0)
==26249== 
==26249== HEAP SUMMARY:
==26249==     in use at exit: 0 bytes in 0 blocks
==26249==   total heap usage: 208 allocs, 208 frees, 73,758 bytes allocated
==26249== 
==26249== All heap blocks were freed -- no leaks are possible
==26249== 
==26249== For lists of detected and suppressed errors, rerun with: -s
==26249== ERROR SUMMARY: 0 errors from 0 contexts (suppressed: 0 from 0)
==26220== 
==26220== HEAP SUMMARY:
==26220==     in use at exit: 0 bytes in 0 blocks
==26220==   total heap usage: 222 allocs, 222 frees, 75,976 bytes allocated
==26220== 
==26220== All heap blocks were freed -- no leaks are possible
==26220== 
==26220== For lists of detected and suppressed errors, rerun with: -s
==26220== ERROR SUMMARY: 0 errors from 0 contexts (suppressed: 0 from 0)
