==26277== Memcheck, a memory error detector
==26277== Copyright (C) 2002-2022, and GNU GPL'd, by Julian Seward et al.
==26277== Using Valgrind-3.22.0 and LibVEX; rerun with -h for copyright info
==26277== Command: ./minishell
==26277== Parent PID: 25792
==26277== 
==26284== 
==26284== HEAP SUMMARY:
==26284==     in use at exit: 0 bytes in 0 blocks
==26284==   total heap usage: 309 allocs, 309 frees, 53,883 bytes allocated
==26284== 
==26284== All heap blocks were freed -- no leaks are possible
==26284== 
==26284== For lists of detected and suppressed errors, rerun with: -s
==26284== ERROR SUMMARY: 0 errors from 0 contexts (suppressed: 0 from 0)
==26285== 
==26285== HEAP SUMMARY:
==26285==     in use at exit: 0 bytes in 0 blocks
==26285==   total heap usage: 349 allocs, 349 frees, 72,661 bytes allocated
==26285== 
==26285== All heap blocks were freed -- no leaks are possible
==26285== 
==26285== For lists of detected and suppressed errors, rerun with: -s
==26285== ERROR SUMMARY: 0 errors from 0 contexts (suppressed: 0 from 0)
==26277== 
==26277== HEAP SUMMARY:
==26277==     in use at exit: 0 bytes in 0 blocks
==26277==   total heap usage: 164 allocs, 164 frees, 65,310 bytes allocated
==26277== 
==26277== All heap blocks were freed -- no leaks are possible
==26277== 
==26277== For lists of detected and suppressed errors, rerun with: -s
==26277== ERROR SUMMARY: 0 errors from 0 contexts (suppressed: 0 from 0)
