==25901== Memcheck, a memory error detector
==25901== Copyright (C) 2002-2022, and GNU GPL'd, by Julian Seward et al.
==25901== Using Valgrind-3.22.0 and LibVEX; rerun with -h for copyright info
==25901== Command: ./minishell
==25901== Parent PID: 25792
==25901== 
==25902== 
==25902== HEAP SUMMARY:
==25902==     in use at exit: 0 bytes in 0 blocks
==25902==   total heap usage: 272 allocs, 272 frees, 31,841 bytes allocated
==25902== 
==25902== All heap blocks were freed -- no leaks are possible
==25902== 
==25902== For lists of detected and suppressed errors, rerun with: -s
==25902== ERROR SUMMARY: 0 errors from 0 contexts (suppressed: 0 from 0)
==25901== 
==25901== HEAP SUMMARY:
==25901==     in use at exit: 0 bytes in 0 blocks
==25901==   total heap usage: 100 allocs, 100 frees, 35,716 bytes allocated
==25901== 
==25901== All heap blocks were freed -- no leaks are possible
==25901== 
==25901== For lists of detected and suppressed errors, rerun with: -s
==25901== ERROR SUMMARY: 0 errors from 0 contexts (suppressed: 0 from 0)
