==25933== Memcheck, a memory error detector
==25933== Copyright (C) 2002-2022, and GNU GPL'd, by Julian Seward et al.
==25933== Using Valgrind-3.22.0 and LibVEX; rerun with -h for copyright info
==25933== Command: ./minishell
==25933== Parent PID: 25792
==25933== 
==25934== 
==25934== HEAP SUMMARY:
==25934==     in use at exit: 0 bytes in 0 blocks
==25934==   total heap usage: 272 allocs, 272 frees, 31,841 bytes allocated
==25934== 
==25934== All heap blocks were freed -- no leaks are possible
==25934== 
==25934== For lists of detected and suppressed errors, rerun with: -s
==25934== ERROR SUMMARY: 0 errors from 0 contexts (suppressed: 0 from 0)
==25933== 
==25933== HEAP SUMMARY:
==25933==     in use at exit: 0 bytes in 0 blocks
==25933==   total heap usage: 100 allocs, 100 frees, 35,716 bytes allocated
==25933== 
==25933== All heap blocks were freed -- no leaks are possible
==25933== 
==25933== For lists of detected and suppressed errors, rerun with: -s
==25933== ERROR SUMMARY: 0 errors from 0 contexts (suppressed: 0 from 0)
