==25914== Memcheck, a memory error detector
==25914== Copyright (C) 2002-2022, and GNU GPL'd, by Julian Seward et al.
==25914== Using Valgrind-3.22.0 and LibVEX; rerun with -h for copyright info
==25914== Command: ./minishell
==25914== Parent PID: 25792
==25914== 
==25921== 
==25921== HEAP SUMMARY:
==25921==     in use at exit: 0 bytes in 0 blocks
==25921==   total heap usage: 272 allocs, 272 frees, 31,841 bytes allocated
==25921== 
==25921== All heap blocks were freed -- no leaks are possible
==25921== 
==25921== For lists of detected and suppressed errors, rerun with: -s
==25921== ERROR SUMMARY: 0 errors from 0 contexts (suppressed: 0 from 0)
==25914== 
==25914== HEAP SUMMARY:
==25914==     in use at exit: 0 bytes in 0 blocks
==25914==   total heap usage: 100 allocs, 100 frees, 35,716 bytes allocated
==25914== 
==25914== All heap blocks were freed -- no leaks are possible
==25914== 
==25914== For lists of detected and suppressed errors, rerun with: -s
==25914== ERROR SUMMARY: 0 errors from 0 contexts (suppressed: 0 from 0)
