==26409== Memcheck, a memory error detector
==26409== Copyright (C) 2002-2022, and GNU GPL'd, by Julian Seward et al.
==26409== Using Valgrind-3.22.0 and LibVEX; rerun with -h for copyright info
==26409== Command: ./minishell
==26409== Parent PID: 25792
==26409== 
==26420== 
==26420== HEAP SUMMARY:
==26420==     in use at exit: 0 bytes in 0 blocks
==26420==   total heap usage: 289 allocs, 289 frees, 42,279 bytes allocated
==26420== 
==26420== All heap blocks were freed -- no leaks are possible
==26420== 
==26420== For lists of detected and suppressed errors, rerun with: -s
==26420== ERROR SUMMARY: 0 errors from 0 contexts (suppressed: 0 from 0)
==26409== 
==26409== HEAP SUMMARY:
==26409==     in use at exit: 0 bytes in 0 blocks
==26409==   total heap usage: 117 allocs, 117 frees, 46,154 bytes allocated
==26409== 
==26409== All heap blocks were freed -- no leaks are possible
==26409== 
==26409== For lists of detected and suppressed errors, rerun with: -s
==26409== ERROR SUMMARY: 0 errors from 0 contexts (suppressed: 0 from 0)
