==26039== Memcheck, a memory error detector
==26039== Copyright (C) 2002-2022, and GNU GPL'd, by Julian Seward et al.
==26039== Using Valgrind-3.22.0 and LibVEX; rerun with -h for copyright info
==26039== Command: ./minishell
==26039== Parent PID: 25792
==26039== 
==26041== 
==26041== HEAP SUMMARY:
==26041==     in use at exit: 0 bytes in 0 blocks
==26041==   total heap usage: 302 allocs, 302 frees, 44,259 bytes allocated
==26041== 
==26041== All heap blocks were freed -- no leaks are possible
==26041== 
==26041== For lists of detected and suppressed errors, rerun with: -s
==26041== ERROR SUMMARY: 0 errors from 0 contexts (suppressed: 0 from 0)
==26043== 
==26043== HEAP SUMMARY:
==26043==     in use at exit: 0 bytes in 0 blocks
==26043==   total heap usage: 347 allocs, 347 frees, 63,403 bytes allocated
==26043== 
==26043== All heap blocks were freed -- no leaks are possible
==26043== 
==26043== For lists of detected and suppressed errors, rerun with: -s
==26043== ERROR SUMMARY: 0 errors from 0 contexts (suppressed: 0 from 0)
==26050== 
==26050== HEAP SUMMARY:
==26050==     in use at exit: 0 bytes in 0 blocks
==26050==   total heap usage: 362 allocs, 362 frees, 69,721 bytes allocated
==26050== 
==26050== All heap blocks were freed -- no leaks are possible
==26050== 
==26050== For lists of detected and suppressed errors, rerun with: -s
==26050== ERROR SUMMARY: 0 errors from 0 contexts (suppressed: 0 from 0)
==26051== 
==26051== HEAP SUMMARY:
==26051==     in use at exit: 0 bytes in 0 blocks
==26051==   total heap usage: 392 allocs, 392 frees, 82,353 bytes allocated
==26051== 
==26051== All heap blocks were freed -- no leaks are possible
==26051== 
==26051== For lists of detected and suppressed errors, rerun with: -s
==26051== ERROR SUMMARY: 0 errors from 0 contexts (suppressed: 0 from 0)
==26052== 
==26052== HEAP SUMMARY:
==26052==     in use at exit: 0 bytes in 0 blocks
==26052==   total heap usage: 407 allocs, 407 frees, 88,671 bytes allocated
==26052== 
==26052== All heap blocks were freed -- no leaks are possible
==26052== 
==26052== For lists of detected and suppressed errors, rerun with: -s
==26052== ERROR SUMMARY: 0 errors from 0 contexts (suppressed: 0 from 0)
==26053== 
==26053== HEAP SUMMARY:
==26053==     in use at exit: 0 bytes in 0 blocks
==26053==   total heap usage: 422 allocs, 422 frees, 94,989 bytes allocated
==26053== 
==26053== All heap blocks were freed -- no leaks are possible
==26053== 
==26053== For lists of detected and suppressed errors, rerun with: -s
==26053== ERROR SUMMARY: 0 errors from 0 contexts (suppressed: 0 from 0)
==26039== 
==26039== HEAP SUMMARY:
==26039==     in use at exit: 0 bytes in 0 blocks
==26039==   total heap usage: 237 allocs, 237 frees, 88,364 bytes allocated
==26039== 
==26039== All heap blocks were freed -- no leaks are possible
==26039== 
==26039== For lists of detected and suppressed errors, rerun with: -s
==26039== ERROR SUMMARY: 0 errors from 0 contexts (suppressed: 0 from 0)
