==26136== Memcheck, a memory error detector
==26136== Copyright (C) 2002-2022, and GNU GPL'd, by Julian Seward et al.
==26136== Using Valgrind-3.22.0 and LibVEX; rerun with -h for copyright info
==26136== Command: ./minishell
==26136== Parent PID: 25792
==26136== 
==26137== 
==26137== HEAP SUMMARY:
==26137==     in use at exit: 0 bytes in 0 blocks
==26137==   total heap usage: 272 allocs, 272 frees, 32,129 bytes allocated
==26137== 
==26137== All heap blocks were freed -- no leaks are possible
==26137== 
==26137== For lists of detected and suppressed errors, rerun with: -s
==26137== ERROR SUMMARY: 0 errors from 0 contexts (suppressed: 0 from 0)
==26138== 
==26138== HEAP SUMMARY:
==26138==     in use at exit: 0 bytes in 0 blocks
==26138==   total heap usage: 302 allocs, 302 frees, 44,785 bytes allocated
==26138== 
==26138== All heap blocks were freed -- no leaks are possible
==26138== 
==26138== For lists of detected and suppressed errors, rerun with: -s
==26138== ERROR SUMMARY: 0 errors from 0 contexts (suppressed: 0 from 0)
==26139== 
==26139== HEAP SUMMARY:
==26139==     in use at exit: 0 bytes in 0 blocks
==26139==   total heap usage: 332 allocs, 332 frees, 57,441 bytes allocated
==26139== 
==26139== All heap blocks were freed -- no leaks are possible
==26139== 
==26139== For lists of detected and suppressed errors, rerun with: -s
==26139== ERROR SUMMARY: 0 errors from 0 contexts (suppressed: 0 from 0)
==26158== 
==26158== HEAP SUMMARY:
==26158==     in use at exit: 0 bytes in 0 blocks
==26158==   total heap usage: 362 allocs, 362 frees, 70,097 bytes allocated
==26158== 
==26158== All heap blocks were freed -- no leaks are possible
==26158== 
==26158== For lists of detected and suppressed errors, rerun with: -s
==26158== ERROR SUMMARY: 0 errors from 0 contexts (suppressed: 0 from 0)
==26159== 
==26159== HEAP SUMMARY:
==26159==     in use at exit: 0 bytes in 0 blocks
==26159==   total heap usage: 392 allocs, 392 frees, 82,753 bytes allocated
==26159== 
==26159== All heap blocks were freed -- no leaks are possible
==26159== 
==26159== For lists of detected and suppressed errors, rerun with: -s
==26159== ERROR SUMMARY: 0 errors from 0 contexts (suppressed: 0 from 0)
==26160== 
==26160== HEAP SUMMARY:
==26160==     in use at exit: 0 bytes in 0 blocks
==26160==   total heap usage: 422 allocs, 422 frees, 95,055 bytes allocated
==26160== 
==26160== All heap blocks were freed -- no leaks are possible
==26160== 
==26160== For lists of detected and suppressed errors, rerun with: -s
==26160== ERROR SUMMARY: 0 errors from 0 contexts (suppressed: 0 from 0)
==26161== 
==26161== HEAP SUMMARY:
==26161==     in use at exit: 0 bytes in 0 blocks
==26161==   total heap usage: 452 allocs, 452 frees, 107,687 bytes allocated
==26161== 
==26161== All heap blocks were freed -- no leaks are possible
==26161== 
==26161== For lists of detected and suppressed errors, rerun with: -s
==26161== ERROR SUMMARY: 0 errors from 0 contexts (suppressed: 0 from 0)
==26170== 
==26170== HEAP SUMMARY:
==26170==     in use at exit: 0 bytes in 0 blocks
==26170==   total heap usage: 482 allocs, 482 frees, 120,319 bytes allocated
==26170== 
==26170== All heap blocks were freed -- no leaks are possible
==26170== 
==26170== For lists of detected and suppressed errors, rerun with: -s
==26170== ERROR SUMMARY: 0 errors from 0 contexts (suppressed: 0 from 0)
==26171== 
==26171== HEAP SUMMARY:
==26171==     in use at exit: 0 bytes in 0 blocks
==26171==   total heap usage: 512 allocs, 512 frees, 132,951 bytes allocated
==26171== 
==26171== All heap blocks were freed -- no leaks are possible
==26171== 
==26171== For lists of detected and suppressed errors, rerun with: -s
==26171== ERROR SUMMARY: 0 errors from 0 contexts (suppressed: 0 from 0)
==26172== 
==26172== HEAP SUMMARY:
==26172==     in use at exit: 0 bytes in 0 blocks
==26172==   total heap usage: 542 allocs, 542 frees, 145,583 bytes allocated
==26172== 
==26172== All heap blocks were freed -- no leaks are possible
==26172== 
==26172== For lists of detected and suppressed errors, rerun with: -s
==26172== ERROR SUMMARY: 0 errors from 0 contexts (suppressed: 0 from 0)
==26136== 
==26136== HEAP SUMMARY:
==26136==     in use at exit: 0 bytes in 0 blocks
==26136==   total heap usage: 358 allocs, 358 frees, 143,120 bytes allocated
==26136== 
==26136== All heap blocks were freed -- no leaks are possible
==26136== 
==26136== For lists of detected and suppressed errors, rerun with: -s
==26136== ERROR SUMMARY: 0 errors from 0 contexts (suppressed: 0 from 0)
