==26112== Memcheck, a memory error detector
==26112== Copyright (C) 2002-2022, and GNU GPL'd, by Julian Seward et al.
==26112== Using Valgrind-3.22.0 and LibVEX; rerun with -h for copyright info
==26112== Command: ./minishell
==26112== Parent PID: 25792
==26112== 
==26123== 
==26123== HEAP SUMMARY:
==26123==     in use at exit: 0 bytes in 0 blocks
==26123==   total heap usage: 272 allocs, 272 frees, 32,829 bytes allocated
==26123== 
==26123== All heap blocks were freed -- no leaks are possible
==26123== 
==26123== For lists of detected and suppressed errors, rerun with: -s
==26123== ERROR SUMMARY: 0 errors from 0 contexts (suppressed: 0 from 0)
==26124== 
==26124== HEAP SUMMARY:
==26124==     in use at exit: 0 bytes in 0 blocks
==26124==   total heap usage: 105 allocs, 105 frees, 35,725 bytes allocated
==26124== 
==26124== All heap blocks were freed -- no leaks are possible
==26124== 
==26124== For lists of detected and suppressed errors, rerun with: -s
==26124== ERROR SUMMARY: 0 errors from 0 contexts (suppressed: 0 from 0)
==26125== 
==26125== HEAP SUMMARY:
==26125==     in use at exit: 0 bytes in 0 blocks
==26125==   total heap usage: 334 allocs, 334 frees, 57,414 bytes allocated
==26125== 
==26125== All heap blocks were freed -- no leaks are possible
==26125== 
==26125== For lists of detected and suppressed errors, rerun with: -s
==26125== ERROR SUMMARY: 0 errors from 0 contexts (suppressed: 0 from 0)
==26112== 
==26112== HEAP SUMMARY:
==26112==     in use at exit: 0 bytes in 0 blocks
==26112==   total heap usage: 150 allocs, 150 frees, 54,687 bytes allocated
==26112== 
==26112== All heap blocks were freed -- no leaks are possible
==26112== 
==26112== For lists of detected and suppressed errors, rerun with: -s
==26112== ERROR SUMMARY: 0 errors from 0 contexts (suppressed: 0 from 0)
