==26260== Memcheck, a memory error detector
==26260== Copyright (C) 2002-2022, and GNU GPL'd, by Julian Seward et al.
==26260== Using Valgrind-3.22.0 and LibVEX; rerun with -h for copyright info
==26260== Command: ./minishell
==26260== Parent PID: 25792
==26260== 
==26265== 
==26265== HEAP SUMMARY:
==26265==     in use at exit: 0 bytes in 0 blocks
==26265==   total heap usage: 309 allocs, 309 frees, 53,883 bytes allocated
==26265== 
==26265== All heap blocks were freed -- no leaks are possible
==26265== 
==26265== For lists of detected and suppressed errors, rerun with: -s
==26265== ERROR SUMMARY: 0 errors from 0 contexts (suppressed: 0 from 0)
==26266== 
==26266== HEAP SUMMARY:
==26266==     in use at exit: 0 bytes in 0 blocks
==26266==   total heap usage: 349 allocs, 349 frees, 72,661 bytes allocated
==26266== 
==26266== All heap blocks were freed -- no leaks are possible
==26266== 
==26266== For lists of detected and suppressed errors, rerun with: -s
==26266== ERROR SUMMARY: 0 errors from 0 contexts (suppressed: 0 from 0)
==26260== 
==26260== HEAP SUMMARY:
==26260==     in use at exit: 0 bytes in 0 blocks
==26260==   total heap usage: 164 allocs, 164 frees, 65,310 bytes allocated
==26260== 
==26260== All heap blocks were freed -- no leaks are possible
==26260== 
==26260== For lists of detected and suppressed errors, rerun with: -s
==26260== ERROR SUMMARY: 0 errors from 0 contexts (suppressed: 0 from 0)
